Configuring hspec-core-2.9.7...
Preprocessing library for hspec-core-2.9.7..
Building library for hspec-core-2.9.7..
[ 1 of 40] Compiling Control.Concurrent.Async
[ 2 of 40] Compiling Data.Algorithm.Diff
[ 3 of 40] Compiling Paths_hspec_core
[ 4 of 40] Compiling Test.Hspec.Core.Compat
[ 5 of 40] Compiling Test.Hspec.Core.Clock
[ 6 of 40] Compiling GetOpt.Declarative.Types
[ 7 of 40] Compiling GetOpt.Declarative.Environment
[ 8 of 40] Compiling Test.Hspec.Core.Example.Location
[ 9 of 40] Compiling Test.Hspec.Core.Formatters.Diff
[10 of 40] Compiling Test.Hspec.Core.Formatters.Pretty.Parser.Types
[11 of 40] Compiling Test.Hspec.Core.Formatters.Pretty.Parser
[12 of 40] Compiling Test.Hspec.Core.Formatters.Pretty.Unicode
[13 of 40] Compiling Test.Hspec.Core.Formatters.Pretty
[14 of 40] Compiling Test.Hspec.Core.Formatters.V1.Free
[15 of 40] Compiling Test.Hspec.Core.Timer
[16 of 40] Compiling Test.Hspec.Core.Util
[17 of 40] Compiling Test.Hspec.Core.QuickCheckUtil
[18 of 40] Compiling Test.Hspec.Core.Example
[19 of 40] Compiling Test.Hspec.Core.Tree
[20 of 40] Compiling Test.Hspec.Core.Shuffle
[21 of 40] Compiling Test.Hspec.Core.Spec.Monad
[22 of 40] Compiling Test.Hspec.Core.Hooks
[23 of 40] Compiling Test.Hspec.Core.Spec
[24 of 40] Compiling Test.Hspec.Core.QuickCheck
[25 of 40] Compiling Test.Hspec.Core.Format
[26 of 40] Compiling Test.Hspec.Core.Runner.Eval
[27 of 40] Compiling Test.Hspec.Core.Formatters.V1.Monad
[28 of 40] Compiling Test.Hspec.Core.Formatters.Internal
[29 of 40] Compiling Test.Hspec.Core.Formatters.V2
[30 of 40] Compiling Test.Hspec.Core.Runner.PrintSlowSpecItems
[31 of 40] Compiling Test.Hspec.Core.Formatters.V1
[32 of 40] Compiling Test.Hspec.Core.Formatters
[33 of 40] Compiling GetOpt.Declarative.Util
[34 of 40] Compiling GetOpt.Declarative.Interpret
[35 of 40] Compiling GetOpt.Declarative
[36 of 40] Compiling Test.Hspec.Core.Config.Definition
[37 of 40] Compiling Test.Hspec.Core.FailureReport
[38 of 40] Compiling Test.Hspec.Core.Config.Options
[39 of 40] Compiling Test.Hspec.Core.Config
[40 of 40] Compiling Test.Hspec.Core.Runner
Installing library in /home/tressa/.stack/snapshots/x86_64-linux-tinfo6/b1793cae9edbee0d9089d4bedb4d43475dc8373e0ef382fbb26a45fbb437cff9/9.2.7/lib/x86_64-linux-ghc-9.2.7/hspec-core-2.9.7-6hoLbL3M9A3AS1QaV8BQw
Registering library for hspec-core-2.9.7..
