Configuring QuickCheck-2.14.2...
Preprocessing library for QuickCheck-2.14.2..
Building library for QuickCheck-2.14.2..
[ 1 of 16] Compiling Test.QuickCheck.Exception
[ 2 of 16] Compiling Test.QuickCheck.Random
[ 3 of 16] Compiling Test.QuickCheck.Gen
[ 4 of 16] Compiling Test.QuickCheck.Gen.Unsafe
[ 5 of 16] Compiling Test.QuickCheck.Arbitrary
[ 6 of 16] Compiling Test.QuickCheck.Poly
[ 7 of 16] Compiling Test.QuickCheck.Modifiers
[ 8 of 16] Compiling Test.QuickCheck.Function
[ 9 of 16] Compiling Test.QuickCheck.Text
[10 of 16] Compiling Test.QuickCheck.State
[11 of 16] Compiling Test.QuickCheck.Property

src/Test/QuickCheck/Property.hs:220:3: warning: [-Wnoncanonical-monad-instances]
    Noncanonical ‘pure = return’ definition detected
    in the instance declaration for ‘Applicative Rose’.
    Move definition from ‘return’ to ‘pure’
    See also: https://gitlab.haskell.org/ghc/ghc/-/wikis/proposal/monad-of-no-return
    |
220 |   pure = return
    |   ^^^^^^^^^^^^^

src/Test/QuickCheck/Property.hs:225:3: warning: [-Wnoncanonical-monad-instances]
    Noncanonical ‘return’ definition detected
    in the instance declaration for ‘Monad Rose’.
    ‘return’ will eventually be removed in favour of ‘pure’
    Either remove definition for ‘return’ (recommended) or define as ‘return = pure’
    See also: https://gitlab.haskell.org/ghc/ghc/-/wikis/proposal/monad-of-no-return
    |
225 |   return x = MkRose x []
    |   ^^^^^^^^^^^^^^^^^^^^^^
[12 of 16] Compiling Test.QuickCheck.Test
[13 of 16] Compiling Test.QuickCheck.Monadic
[14 of 16] Compiling Test.QuickCheck.All
[15 of 16] Compiling Test.QuickCheck.Features
[16 of 16] Compiling Test.QuickCheck
Installing library in /home/tressa/.stack/snapshots/x86_64-linux-tinfo6/b1793cae9edbee0d9089d4bedb4d43475dc8373e0ef382fbb26a45fbb437cff9/9.2.7/lib/x86_64-linux-ghc-9.2.7/QuickCheck-2.14.2-4D44XnLgnpBFIBDe1Au7Zw
Registering library for QuickCheck-2.14.2..
